Reading pref.tcl

# 2019.2_1

# vsim -c tb_top "+infile=t5.trace" -do "run -all; quit" 
# Start time: 14:44:21 on Dec 06,2021
# ** Note: (vsim-8009) Loading existing optimized design _opt1
# //  Questa Sim-64
# //  Version 2019.2_1 linux_x86_64 May 13 2019
# //
# //  Copyright 1991-2019 Mentor Graphics Corporation
# //  All Rights Reserved.
# //
# //  QuestaSim and its associated documentation contain trade
# //  secrets and commercial or financial information that are the property of
# //  Mentor Graphics Corporation and are privileged, confidential,
# //  and exempt from disclosure under the Freedom of Information Act,
# //  5 U.S.C. Section 552. Furthermore, this information
# //  is prohibited from disclosure under the Trade Secrets Act,
# //  18 U.S.C. Section 1905.
# //
# Loading sv_std.std
# Loading work.dram_defs(fast)
# Loading work.tb_top(fast)
# run -all
#                    0 parser instantiation
#                    0 Filename declared
#                    0 Finding file t5.trace
#                    0 Tracefile opened
#                     2 ENQUEUE:    0 0 000000000
#                     4 ENQUEUE:    1 0 00004000f
#                     6 ENQUEUE:    2 0 000040000
#                     8 ENQUEUE:    3 0 00000000f
# Break key hit
# Break at design.sv line 74
# Stopped at design.sv line 74
#  quit
# End time: 14:44:37 on Dec 06,2021, Elapsed time: 0:00:16
# Errors: 0, Warnings: 0
